EDA Netlist Writer report for flappybird
Wed Nov 02 14:25:55 2016
Quartus II Version 9.1 Build 222 10/21/2009 SJ Full Version


---------------------
; Table of Contents ;
---------------------
  1. Legal Notice
  2. EDA Netlist Writer Summary
  3. Timing Analysis Settings
  4. Timing Analysis Generated Files
  5. EDA Netlist Writer Messages



----------------
; Legal Notice ;
----------------
Copyright (C) 1991-2009 Altera Corporation
Your use of Altera Corporation's design tools, logic functions 
and other software and tools, and its AMPP partner logic 
functions, and any output files from any of the foregoing 
(including device programming or simulation files), and any 
associated documentation or information are expressly subject 
to the terms and conditions of the Altera Program License 
Subscription Agreement, Altera MegaCore Function License 
Agreement, or other applicable license agreement, including, 
without limitation, that your use is for the sole purpose of 
programming logic devices manufactured by Altera and sold by 
Altera or its authorized distributors.  Please refer to the 
applicable agreement for further details.



+------------------------------------------------------------------------+
; EDA Netlist Writer Summary                                             ;
+--------------------------------+---------------------------------------+
; EDA Netlist Writer Status      ; Successful - Wed Nov 02 14:25:53 2016 ;
; Revision Name                  ; flappybird                            ;
; Top-level Entity Name          ; flappybird                            ;
; Family                         ; MAX II                                ;
; Timing Analysis Files Creation ; Successful                            ;
+--------------------------------+---------------------------------------+


+-----------------------------------------------------------+
; Timing Analysis Settings                                  ;
+-------------------------------------+---------------------+
; Option                              ; Setting             ;
+-------------------------------------+---------------------+
; Tool Name                           ; PrimeTime (Verilog) ;
; Time scale                          ; 1 ps                ;
; Truncate long hierarchy paths       ; Off                 ;
; Map illegal HDL characters          ; Off                 ;
; Flatten buses into individual nodes ; Off                 ;
+-------------------------------------+---------------------+


+-------------------------------------------------------+
; Timing Analysis Generated Files                       ;
+-------------------------------------------------------+
; Generated Files                                       ;
+-------------------------------------------------------+
; G:/flappybird5.0/timing/primetime/flappybird.vo       ;
; G:/flappybird5.0/timing/primetime/flappybird_v.sdo    ;
; G:/flappybird5.0/timing/primetime/flappybird_pt_v.tcl ;
+-------------------------------------------------------+


+-----------------------------+
; EDA Netlist Writer Messages ;
+-----------------------------+
Info: *******************************************************************
Info: Running Quartus II EDA Netlist Writer
    Info: Version 9.1 Build 222 10/21/2009 SJ Full Version
    Info: Processing started: Wed Nov 02 14:25:22 2016
Info: Command: quartus_eda --read_settings_files=off --write_settings_files=off flappybird -c flappybird
Info: Generated files "flappybird.vo" and "flappybird_v.sdo" in directory "G:/flappybird5.0/timing/primetime/" for EDA timing analysis tool
Warning: Expected ENABLE_CLOCK_LATENCY to be set to ON but is set to OFF
Info: Generated PrimeTime Tcl script file G:/flappybird5.0/timing/primetime/flappybird_pt_v.tcl
Info: Quartus II EDA Netlist Writer was successful. 0 errors, 1 warning
    Info: Peak virtual memory: 138 megabytes
    Info: Processing ended: Wed Nov 02 14:26:06 2016
    Info: Elapsed time: 00:00:44
    Info: Total CPU time (on all processors): 00:00:00


